<?xml version="1.0" encoding="utf-8"?><testsuites><testsuite name="pytest" errors="0" failures="1" skipped="0" tests="3" time="0.060" timestamp="2024-06-29T01:15:03.623897" hostname="DELLXPS"><testcase classname="tests.test_load" name="test_load_positive_total_100_people" time="0.001"><failure message="AssertionError: assert 100 == 101&#10; +  where 100 = len(['Eve Thomas,Engineering,Consultant,eve.thomas@example.com', 'Grace Brown,Marketing,Supervisor,grace.brown@example.com', 'Carol Thomas,Customer Service,Manager,carol.thomas@example.com', 'Carol Johnson,Engineering,Consultant,carol.johnson@example.com', 'Frank Taylor,R&amp;D,Supervisor,frank.taylor@example.com', 'Grace Smith,Marketing,Coordinator,grace.smith@example.com', ...])&#10; +    where ['Eve Thomas,Engineering,Consultant,eve.thomas@example.com', 'Grace Brown,Marketing,Supervisor,grace.brown@example.com', 'Carol Thomas,Customer Service,Manager,carol.thomas@example.com', 'Carol Johnson,Engineering,Consultant,carol.johnson@example.com', 'Frank Taylor,R&amp;D,Supervisor,frank.taylor@example.com', 'Grace Smith,Marketing,Coordinator,grace.smith@example.com', ...] = load('assets/people.csv')">@pytest.mark.unit
    @pytest.mark.high
    def test_load_positive_total_100_people():
        """Test Dundie/core.load() function"""
&gt;       assert len(load(PEOPLE_FILE)) == 101
E       AssertionError: assert 100 == 101
E        +  where 100 = len(['Eve Thomas,Engineering,Consultant,eve.thomas@example.com', 'Grace Brown,Marketing,Supervisor,grace.brown@example.com', 'Carol Thomas,Customer Service,Manager,carol.thomas@example.com', 'Carol Johnson,Engineering,Consultant,carol.johnson@example.com', 'Frank Taylor,R&amp;D,Supervisor,frank.taylor@example.com', 'Grace Smith,Marketing,Coordinator,grace.smith@example.com', ...])
E        +    where ['Eve Thomas,Engineering,Consultant,eve.thomas@example.com', 'Grace Brown,Marketing,Supervisor,grace.brown@example.com', 'Carol Thomas,Customer Service,Manager,carol.thomas@example.com', 'Carol Johnson,Engineering,Consultant,carol.johnson@example.com', 'Frank Taylor,R&amp;D,Supervisor,frank.taylor@example.com', 'Grace Smith,Marketing,Coordinator,grace.smith@example.com', ...] = load('assets/people.csv')

tests/test_load.py:9: AssertionError</failure></testcase><testcase classname="tests.test_load" name="test_load_positive_first_name_like_Eve" time="0.000" /><testcase classname="integration.test_load" name="test_load" time="0.030" /></testsuite></testsuites>